<?xml version="1.0" encoding="UTF-8"?>
<testng-results ignored="0" total="4" passed="4" failed="0" skipped="0">
  <reporter-output>
  </reporter-output>
  <suite started-at="2022-11-01T13:17:55 IST" name="Default suite" finished-at="2022-11-01T13:18:23 IST" duration-ms="27603">
    <groups>
    </groups>
    <test started-at="2022-11-01T13:17:55 IST" name="Default test" finished-at="2022-11-01T13:18:23 IST" duration-ms="27603">
      <class name="Sdet_Excel.DataDrivenTesting_DataProvider">
        <test-method is-config="true" signature="setUp()[pri:0, instance:Sdet_Excel.DataDrivenTesting_DataProvider@4a7f959b]" started-at="2022-11-01T13:17:55 IST" name="setUp" finished-at="2022-11-01T13:17:57 IST" duration-ms="1810" status="PASS">
          <reporter-output>
          </reporter-output>
        </test-method> <!-- setUp -->
        <test-method signature="loginTest(java.lang.String,java.lang.String,java.lang.String)[pri:0, instance:Sdet_Excel.DataDrivenTesting_DataProvider@4a7f959b]" started-at="2022-11-01T13:17:58 IST" name="loginTest" data-provider="LoginCredentials" finished-at="2022-11-01T13:18:16 IST" duration-ms="17761" status="PASS">
          <params>
            <param index="0">
              <value>
                <![CDATA[Admin]]>
              </value>
            </param>
            <param index="1">
              <value>
                <![CDATA[Qedge123!@#]]>
              </value>
            </param>
            <param index="2">
              <value>
                <![CDATA[valid]]>
              </value>
            </param>
          </params>
          <reporter-output>
          </reporter-output>
        </test-method> <!-- loginTest -->
        <test-method signature="loginTest(java.lang.String,java.lang.String,java.lang.String)[pri:0, instance:Sdet_Excel.DataDrivenTesting_DataProvider@4a7f959b]" started-at="2022-11-01T13:18:16 IST" name="loginTest" data-provider="LoginCredentials" finished-at="2022-11-01T13:18:20 IST" duration-ms="3479" status="PASS">
          <params>
            <param index="0">
              <value>
                <![CDATA[jhdasjkhka]]>
              </value>
            </param>
            <param index="1">
              <value>
                <![CDATA[Qedge123!@#]]>
              </value>
            </param>
            <param index="2">
              <value>
                <![CDATA[invalid]]>
              </value>
            </param>
          </params>
          <reporter-output>
          </reporter-output>
        </test-method> <!-- loginTest -->
        <test-method signature="loginTest(java.lang.String,java.lang.String,java.lang.String)[pri:0, instance:Sdet_Excel.DataDrivenTesting_DataProvider@4a7f959b]" started-at="2022-11-01T13:18:20 IST" name="loginTest" data-provider="LoginCredentials" finished-at="2022-11-01T13:18:21 IST" duration-ms="1699" status="PASS">
          <params>
            <param index="0">
              <value>
                <![CDATA[Admin]]>
              </value>
            </param>
            <param index="1">
              <value>
                <![CDATA[sdfsdggsg]]>
              </value>
            </param>
            <param index="2">
              <value>
                <![CDATA[invalid]]>
              </value>
            </param>
          </params>
          <reporter-output>
          </reporter-output>
        </test-method> <!-- loginTest -->
        <test-method signature="loginTest(java.lang.String,java.lang.String,java.lang.String)[pri:0, instance:Sdet_Excel.DataDrivenTesting_DataProvider@4a7f959b]" started-at="2022-11-01T13:18:21 IST" name="loginTest" data-provider="LoginCredentials" finished-at="2022-11-01T13:18:23 IST" duration-ms="1354" status="PASS">
          <params>
            <param index="0">
              <value>
                <![CDATA[dvsgssd]]>
              </value>
            </param>
            <param index="1">
              <value>
                <![CDATA[zxzvzbzb]]>
              </value>
            </param>
            <param index="2">
              <value>
                <![CDATA[invalid]]>
              </value>
            </param>
          </params>
          <reporter-output>
          </reporter-output>
        </test-method> <!-- loginTest -->
        <test-method is-config="true" signature="tearDown()[pri:0, instance:Sdet_Excel.DataDrivenTesting_DataProvider@4a7f959b]" started-at="2022-11-01T13:18:23 IST" name="tearDown" finished-at="2022-11-01T13:18:23 IST" duration-ms="229" status="PASS">
          <reporter-output>
          </reporter-output>
        </test-method> <!-- tearDown -->
      </class> <!-- Sdet_Excel.DataDrivenTesting_DataProvider -->
    </test> <!-- Default test -->
  </suite> <!-- Default suite -->
</testng-results>
