<?xml version="1.0" encoding="UTF-8"?>
<!-- Generated by org.testng.reporters.JUnitXMLReporter -->
<testsuite ignored="0" hostname="DESKTOP-M4145GV" failures="0" tests="4" name="Default test" time="27.603" errors="0" timestamp="2022-11-01T13:18:23 IST">
  <testcase classname="Sdet_Excel.DataDrivenTesting_DataProvider" name="loginTest" time="17.761"/>
  <testcase classname="Sdet_Excel.DataDrivenTesting_DataProvider" name="loginTest" time="3.479"/>
  <testcase classname="Sdet_Excel.DataDrivenTesting_DataProvider" name="loginTest" time="1.699"/>
  <testcase classname="Sdet_Excel.DataDrivenTesting_DataProvider" name="loginTest" time="1.354"/>
</testsuite> <!-- Default test -->
